Performing C SOURCE FILE Test test_option failed with the following output:
Change Dir: /Users/chp16ra/psi4/CMakeFiles/CMakeTmp

Run Build Command:"/usr/bin/make" "cmTC_57268/fast"
/Applications/Xcode.app/Contents/Developer/usr/bin/make -f CMakeFiles/cmTC_57268.dir/build.make CMakeFiles/cmTC_57268.dir/build
Building C object CMakeFiles/cmTC_57268.dir/src.c.o
/Applications/Xcode.app/Contents/Developer/Toolchains/XcodeDefault.xctoolchain/usr/bin/cc    -Dtest_option   -xHost -o CMakeFiles/cmTC_57268.dir/src.c.o   -c /Users/chp16ra/psi4/CMakeFiles/CMakeTmp/src.c
clang: error: language not recognized: 'Host'
clang: warning: /Users/chp16ra/psi4/CMakeFiles/CMakeTmp/src.c: 'linker' input unused [-Wunused-command-line-argument]
make[1]: *** [CMakeFiles/cmTC_57268.dir/src.c.o] Error 1
make: *** [cmTC_57268/fast] Error 2

Source file was:
int main(void) { return 0; }
Performing C++ SOURCE FILE Test test_option failed with the following output:
Change Dir: /Users/chp16ra/psi4/CMakeFiles/CMakeTmp

Run Build Command:"/usr/bin/make" "cmTC_100d1/fast"
/Applications/Xcode.app/Contents/Developer/usr/bin/make -f CMakeFiles/cmTC_100d1.dir/build.make CMakeFiles/cmTC_100d1.dir/build
Building CXX object CMakeFiles/cmTC_100d1.dir/src.cxx.o
/Applications/Xcode.app/Contents/Developer/Toolchains/XcodeDefault.xctoolchain/usr/bin/c++     -Dtest_option   -xHost -o CMakeFiles/cmTC_100d1.dir/src.cxx.o -c /Users/chp16ra/psi4/CMakeFiles/CMakeTmp/src.cxx
clang: error: language not recognized: 'Host'
clang: warning: /Users/chp16ra/psi4/CMakeFiles/CMakeTmp/src.cxx: 'linker' input unused [-Wunused-command-line-argument]
make[1]: *** [CMakeFiles/cmTC_100d1.dir/src.cxx.o] Error 1
make: *** [cmTC_100d1/fast] Error 2

Source file was:
int main() { return 0; }
